Info: Nothing to build for timer
Info: Nothing to build for timer
02:37:51 **** Incremental Build of configuration Release for project timer ****
Info: Internal Builder is used for build
arm-none-eabi-ld -L/home/vinod/stellaris/driverlib/gcc-cm4f --static --gc-sections -T../LM4F.ld -o timer.elf main.o LM4F_startup.o -ldriver-cm4f 
arm-none-eabi-objcopy -O binary timer.elf timer.bin 
Info: Nothing to build for timer
Info: Nothing to build for timer
Info: Nothing to build for timer
Info: Nothing to build for timer
Info: Nothing to build for timer
Info: Nothing to build for timer
02:39:45 **** Clean-only build of configuration Release for project timer ****
rm -rf timer.elf main.o LM4F_startup.d LM4F_startup.o main.d 
02:39:49 **** Rebuild of configuration Release for project timer ****
Info: Internal Builder is used for build
arm-none-eabi-gcc -DPART_LM4F120H5QR -DARM_MATH_CM4 -DTARGET_IS_BLIZZARD_RA1 -I/home/vinod/stellaris -Os -g3 -Wall -c -fmessage-length=0 -mthumb -mcpu=cortex-m4 -mfpu=fpv4-sp-d16 -mfloat-abi=softfp -ffunction-sections -fdata-sections -o main.o ../main.c 
arm-none-eabi-gcc -DPART_LM4F120H5QR -DARM_MATH_CM4 -DTARGET_IS_BLIZZARD_RA1 -I/home/vinod/stellaris -Os -g3 -Wall -c -fmessage-length=0 -mthumb -mcpu=cortex-m4 -mfpu=fpv4-sp-d16 -mfloat-abi=softfp -ffunction-sections -fdata-sections -o LM4F_startup.o ../LM4F_startup.c 
../LM4F_startup.c:111:2: error: 'TIMER0_ISR_A' undeclared here (not in a function)
02:40:42 **** Incremental Build of configuration Release for project timer ****
Info: Internal Builder is used for build
arm-none-eabi-gcc -DPART_LM4F120H5QR -DARM_MATH_CM4 -DTARGET_IS_BLIZZARD_RA1 -I/home/vinod/stellaris -Os -g3 -Wall -c -fmessage-length=0 -mthumb -mcpu=cortex-m4 -mfpu=fpv4-sp-d16 -mfloat-abi=softfp -ffunction-sections -fdata-sections -o LM4F_startup.o ../LM4F_startup.c 
arm-none-eabi-gcc -DPART_LM4F120H5QR -DARM_MATH_CM4 -DTARGET_IS_BLIZZARD_RA1 -I/home/vinod/stellaris -Os -g3 -Wall -c -fmessage-length=0 -mthumb -mcpu=cortex-m4 -mfpu=fpv4-sp-d16 -mfloat-abi=softfp -ffunction-sections -fdata-sections -o main.o ../main.c 
arm-none-eabi-ld -L/home/vinod/stellaris/driverlib/gcc-cm4f --static --gc-sections -T../LM4F.ld -o timer.elf main.o LM4F_startup.o -ldriver-cm4f 
arm-none-eabi-objcopy -O binary timer.elf timer.bin 
Info: Nothing to build for timer
Info: Nothing to build for timer
Info: Nothing to build for timer
02:41:49 **** Incremental Build of configuration Release for project timer ****
Info: Internal Builder is used for build
arm-none-eabi-gcc -DPART_LM4F120H5QR -DARM_MATH_CM4 -DTARGET_IS_BLIZZARD_RA1 -I/home/vinod/stellaris -Os -g3 -Wall -c -fmessage-length=0 -mthumb -mcpu=cortex-m4 -mfpu=fpv4-sp-d16 -mfloat-abi=softfp -ffunction-sections -fdata-sections -o main.o ../main.c 
../main.c:29:1: error: expected identifier or '(' before 'volatile'
../main.c:29:1: error: expected ')' before numeric constant
02:42:02 **** Incremental Build of configuration Release for project timer ****
Info: Internal Builder is used for build
arm-none-eabi-gcc -DPART_LM4F120H5QR -DARM_MATH_CM4 -DTARGET_IS_BLIZZARD_RA1 -I/home/vinod/stellaris -Os -g3 -Wall -c -fmessage-length=0 -mthumb -mcpu=cortex-m4 -mfpu=fpv4-sp-d16 -mfloat-abi=softfp -ffunction-sections -fdata-sections -o main.o ../main.c 
arm-none-eabi-ld -L/home/vinod/stellaris/driverlib/gcc-cm4f --static --gc-sections -T../LM4F.ld -o timer.elf main.o LM4F_startup.o -ldriver-cm4f 
arm-none-eabi-objcopy -O binary timer.elf timer.bin 
Info: Nothing to build for timer
02:42:40 **** Incremental Build of configuration Release for project timer ****
Info: Internal Builder is used for build
arm-none-eabi-gcc -DPART_LM4F120H5QR -DARM_MATH_CM4 -DTARGET_IS_BLIZZARD_RA1 -I/home/vinod/stellaris -Os -g3 -Wall -c -fmessage-length=0 -mthumb -mcpu=cortex-m4 -mfpu=fpv4-sp-d16 -mfloat-abi=softfp -ffunction-sections -fdata-sections -o main.o ../main.c 
arm-none-eabi-ld -L/home/vinod/stellaris/driverlib/gcc-cm4f --static --gc-sections -T../LM4F.ld -o timer.elf main.o LM4F_startup.o -ldriver-cm4f 
arm-none-eabi-objcopy -O binary timer.elf timer.bin 
Info: Nothing to build for timer
02:43:49 **** Incremental Build of configuration Release for project timer ****
Info: Internal Builder is used for build
arm-none-eabi-gcc -DPART_LM4F120H5QR -DARM_MATH_CM4 -DTARGET_IS_BLIZZARD_RA1 -I/home/vinod/stellaris -Os -g3 -Wall -c -fmessage-length=0 -mthumb -mcpu=cortex-m4 -mfpu=fpv4-sp-d16 -mfloat-abi=softfp -ffunction-sections -fdata-sections -o main.o ../main.c 
arm-none-eabi-ld -L/home/vinod/stellaris/driverlib/gcc-cm4f --static --gc-sections -T../LM4F.ld -o timer.elf main.o LM4F_startup.o -ldriver-cm4f 
arm-none-eabi-objcopy -O binary timer.elf timer.bin 
Info: Nothing to build for timer
02:44:40 **** Incremental Build of configuration Release for project timer ****
Info: Internal Builder is used for build
arm-none-eabi-gcc -DPART_LM4F120H5QR -DARM_MATH_CM4 -DTARGET_IS_BLIZZARD_RA1 -I/home/vinod/stellaris -Os -g3 -Wall -c -fmessage-length=0 -mthumb -mcpu=cortex-m4 -mfpu=fpv4-sp-d16 -mfloat-abi=softfp -ffunction-sections -fdata-sections -o main.o ../main.c 
../main.c: In function 'main':
../main.c:27:15: warning: unused variable 'a' [-Wunused-variable]
../main.c: In function 'TIMER0_ISR_A':
../main.c:33:4: error: 'a' undeclared (first use in this function)
../main.c:33:4: note: each undeclared identifier is reported only once for each function it appears in
02:45:12 **** Incremental Build of configuration Release for project timer ****
Info: Internal Builder is used for build
arm-none-eabi-gcc -DPART_LM4F120H5QR -DARM_MATH_CM4 -DTARGET_IS_BLIZZARD_RA1 -I/home/vinod/stellaris -Os -g3 -Wall -c -fmessage-length=0 -mthumb -mcpu=cortex-m4 -mfpu=fpv4-sp-d16 -mfloat-abi=softfp -ffunction-sections -fdata-sections -o main.o ../main.c 
arm-none-eabi-ld -L/home/vinod/stellaris/driverlib/gcc-cm4f --static --gc-sections -T../LM4F.ld -o timer.elf main.o LM4F_startup.o -ldriver-cm4f 
arm-none-eabi-objcopy -O binary timer.elf timer.bin 
Info: Nothing to build for timer
02:46:08 **** Incremental Build of configuration Release for project timer ****
Info: Internal Builder is used for build
arm-none-eabi-gcc -DPART_LM4F120H5QR -DARM_MATH_CM4 -DTARGET_IS_BLIZZARD_RA1 -I/home/vinod/stellaris -Os -g3 -Wall -c -fmessage-length=0 -mthumb -mcpu=cortex-m4 -mfpu=fpv4-sp-d16 -mfloat-abi=softfp -ffunction-sections -fdata-sections -o main.o ../main.c 
arm-none-eabi-ld -L/home/vinod/stellaris/driverlib/gcc-cm4f --static --gc-sections -T../LM4F.ld -o timer.elf main.o LM4F_startup.o -ldriver-cm4f 
arm-none-eabi-objcopy -O binary timer.elf timer.bin 
Info: Nothing to build for timer
02:46:27 **** Incremental Build of configuration Release for project timer ****
Info: Internal Builder is used for build
arm-none-eabi-gcc -DPART_LM4F120H5QR -DARM_MATH_CM4 -DTARGET_IS_BLIZZARD_RA1 -I/home/vinod/stellaris -Os -g3 -Wall -c -fmessage-length=0 -mthumb -mcpu=cortex-m4 -mfpu=fpv4-sp-d16 -mfloat-abi=softfp -ffunction-sections -fdata-sections -o main.o ../main.c 
arm-none-eabi-ld -L/home/vinod/stellaris/driverlib/gcc-cm4f --static --gc-sections -T../LM4F.ld -o timer.elf main.o LM4F_startup.o -ldriver-cm4f 
arm-none-eabi-objcopy -O binary timer.elf timer.bin 
02:47:07 **** Incremental Build of configuration Release for project timer ****
Info: Internal Builder is used for build
arm-none-eabi-gcc -DPART_LM4F120H5QR -DARM_MATH_CM4 -DTARGET_IS_BLIZZARD_RA1 -I/home/vinod/stellaris -Os -g3 -Wall -c -fmessage-length=0 -mthumb -mcpu=cortex-m4 -mfpu=fpv4-sp-d16 -mfloat-abi=softfp -ffunction-sections -fdata-sections -o main.o ../main.c 
arm-none-eabi-ld -L/home/vinod/stellaris/driverlib/gcc-cm4f --static --gc-sections -T../LM4F.ld -o timer.elf main.o LM4F_startup.o -ldriver-cm4f 
arm-none-eabi-objcopy -O binary timer.elf timer.bin 
02:47:31 **** Incremental Build of configuration Release for project timer ****
Info: Internal Builder is used for build
arm-none-eabi-gcc -DPART_LM4F120H5QR -DARM_MATH_CM4 -DTARGET_IS_BLIZZARD_RA1 -I/home/vinod/stellaris -Os -g3 -Wall -c -fmessage-length=0 -mthumb -mcpu=cortex-m4 -mfpu=fpv4-sp-d16 -mfloat-abi=softfp -ffunction-sections -fdata-sections -o main.o ../main.c 
arm-none-eabi-ld -L/home/vinod/stellaris/driverlib/gcc-cm4f --static --gc-sections -T../LM4F.ld -o timer.elf main.o LM4F_startup.o -ldriver-cm4f 
arm-none-eabi-objcopy -O binary timer.elf timer.bin 
02:47:54 **** Incremental Build of configuration Release for project timer ****
Info: Internal Builder is used for build
arm-none-eabi-gcc -DPART_LM4F120H5QR -DARM_MATH_CM4 -DTARGET_IS_BLIZZARD_RA1 -I/home/vinod/stellaris -Os -g3 -Wall -c -fmessage-length=0 -mthumb -mcpu=cortex-m4 -mfpu=fpv4-sp-d16 -mfloat-abi=softfp -ffunction-sections -fdata-sections -o main.o ../main.c 
arm-none-eabi-ld -L/home/vinod/stellaris/driverlib/gcc-cm4f --static --gc-sections -T../LM4F.ld -o timer.elf main.o LM4F_startup.o -ldriver-cm4f 
arm-none-eabi-objcopy -O binary timer.elf timer.bin 
02:48:24 **** Incremental Build of configuration Release for project timer ****
Info: Internal Builder is used for build
arm-none-eabi-gcc -DPART_LM4F120H5QR -DARM_MATH_CM4 -DTARGET_IS_BLIZZARD_RA1 -I/home/vinod/stellaris -Os -g3 -Wall -c -fmessage-length=0 -mthumb -mcpu=cortex-m4 -mfpu=fpv4-sp-d16 -mfloat-abi=softfp -ffunction-sections -fdata-sections -o main.o ../main.c 
../main.c: In function 'main':
../main.c:31:46: error: lvalue required as left operand of assignment
02:48:58 **** Incremental Build of configuration Release for project timer ****
Info: Internal Builder is used for build
arm-none-eabi-gcc -DPART_LM4F120H5QR -DARM_MATH_CM4 -DTARGET_IS_BLIZZARD_RA1 -I/home/vinod/stellaris -Os -g3 -Wall -c -fmessage-length=0 -mthumb -mcpu=cortex-m4 -mfpu=fpv4-sp-d16 -mfloat-abi=softfp -ffunction-sections -fdata-sections -o main.o ../main.c 
arm-none-eabi-ld -L/home/vinod/stellaris/driverlib/gcc-cm4f --static --gc-sections -T../LM4F.ld -o timer.elf main.o LM4F_startup.o -ldriver-cm4f 
arm-none-eabi-objcopy -O binary timer.elf timer.bin 
Info: Nothing to build for timer
02:49:33 **** Incremental Build of configuration Release for project timer ****
Info: Internal Builder is used for build
arm-none-eabi-gcc -DPART_LM4F120H5QR -DARM_MATH_CM4 -DTARGET_IS_BLIZZARD_RA1 -I/home/vinod/stellaris -Os -g3 -Wall -c -fmessage-length=0 -mthumb -mcpu=cortex-m4 -mfpu=fpv4-sp-d16 -mfloat-abi=softfp -ffunction-sections -fdata-sections -o main.o ../main.c 
arm-none-eabi-ld -L/home/vinod/stellaris/driverlib/gcc-cm4f --static --gc-sections -T../LM4F.ld -o timer.elf main.o LM4F_startup.o -ldriver-cm4f 
arm-none-eabi-objcopy -O binary timer.elf timer.bin 
02:49:40 **** Incremental Build of configuration Release for project timer ****
Info: Internal Builder is used for build
arm-none-eabi-gcc -DPART_LM4F120H5QR -DARM_MATH_CM4 -DTARGET_IS_BLIZZARD_RA1 -I/home/vinod/stellaris -Os -g3 -Wall -c -fmessage-length=0 -mthumb -mcpu=cortex-m4 -mfpu=fpv4-sp-d16 -mfloat-abi=softfp -ffunction-sections -fdata-sections -o main.o ../main.c 
arm-none-eabi-ld -L/home/vinod/stellaris/driverlib/gcc-cm4f --static --gc-sections -T../LM4F.ld -o timer.elf main.o LM4F_startup.o -ldriver-cm4f 
arm-none-eabi-objcopy -O binary timer.elf timer.bin 
02:51:41 **** Incremental Build of configuration Release for project timer ****
Info: Internal Builder is used for build
arm-none-eabi-gcc -DPART_LM4F120H5QR -DARM_MATH_CM4 -DTARGET_IS_BLIZZARD_RA1 -I/home/vinod/stellaris -Os -g3 -Wall -c -fmessage-length=0 -mthumb -mcpu=cortex-m4 -mfpu=fpv4-sp-d16 -mfloat-abi=softfp -ffunction-sections -fdata-sections -o main.o ../main.c 
../main.c: In function 'main':
../main.c:34:2: error: expected ';' before 'SysCtlDelay'
02:51:52 **** Incremental Build of configuration Release for project timer ****
Info: Internal Builder is used for build
arm-none-eabi-gcc -DPART_LM4F120H5QR -DARM_MATH_CM4 -DTARGET_IS_BLIZZARD_RA1 -I/home/vinod/stellaris -Os -g3 -Wall -c -fmessage-length=0 -mthumb -mcpu=cortex-m4 -mfpu=fpv4-sp-d16 -mfloat-abi=softfp -ffunction-sections -fdata-sections -o main.o ../main.c 
arm-none-eabi-ld -L/home/vinod/stellaris/driverlib/gcc-cm4f --static --gc-sections -T../LM4F.ld -o timer.elf main.o LM4F_startup.o -ldriver-cm4f 
arm-none-eabi-objcopy -O binary timer.elf timer.bin 
Info: Nothing to build for timer
Info: Nothing to build for timer
02:52:58 **** Incremental Build of configuration Release for project timer ****
Info: Internal Builder is used for build
arm-none-eabi-gcc -DPART_LM4F120H5QR -DARM_MATH_CM4 -DTARGET_IS_BLIZZARD_RA1 -I/home/vinod/stellaris -Os -g3 -Wall -c -fmessage-length=0 -mthumb -mcpu=cortex-m4 -mfpu=fpv4-sp-d16 -mfloat-abi=softfp -ffunction-sections -fdata-sections -o main.o ../main.c 
arm-none-eabi-ld -L/home/vinod/stellaris/driverlib/gcc-cm4f --static --gc-sections -T../LM4F.ld -o timer.elf main.o LM4F_startup.o -ldriver-cm4f 
arm-none-eabi-objcopy -O binary timer.elf timer.bin 
02:55:09 **** Incremental Build of configuration Release for project timer ****
Info: Internal Builder is used for build
arm-none-eabi-gcc -DPART_LM4F120H5QR -DARM_MATH_CM4 -DTARGET_IS_BLIZZARD_RA1 -I/home/vinod/stellaris -Os -g3 -Wall -c -fmessage-length=0 -mthumb -mcpu=cortex-m4 -mfpu=fpv4-sp-d16 -mfloat-abi=softfp -ffunction-sections -fdata-sections -o main.o ../main.c 
arm-none-eabi-ld -L/home/vinod/stellaris/driverlib/gcc-cm4f --static --gc-sections -T../LM4F.ld -o timer.elf main.o LM4F_startup.o -ldriver-cm4f 
arm-none-eabi-objcopy -O binary timer.elf timer.bin 
Info: Nothing to build for timer
03:00:40 **** Incremental Build of configuration Release for project timer ****
Info: Internal Builder is used for build
arm-none-eabi-gcc -DPART_LM4F120H5QR -DARM_MATH_CM4 -DTARGET_IS_BLIZZARD_RA1 -I/home/vinod/stellaris -Os -g3 -Wall -c -fmessage-length=0 -mthumb -mcpu=cortex-m4 -mfpu=fpv4-sp-d16 -mfloat-abi=softfp -ffunction-sections -fdata-sections -o main.o ../main.c 
../main.c: In function 'main':
../main.c:29:15: warning: unused variable 'd' [-Wunused-variable]
arm-none-eabi-ld -L/home/vinod/stellaris/driverlib/gcc-cm4f --static --gc-sections -T../LM4F.ld -o timer.elf main.o LM4F_startup.o -ldriver-cm4f 
arm-none-eabi-objcopy -O binary timer.elf timer.bin 
Info: Nothing to build for timer
03:01:38 **** Incremental Build of configuration Release for project timer ****
Info: Internal Builder is used for build
arm-none-eabi-gcc -DPART_LM4F120H5QR -DARM_MATH_CM4 -DTARGET_IS_BLIZZARD_RA1 -I/home/vinod/stellaris -Os -g3 -Wall -c -fmessage-length=0 -mthumb -mcpu=cortex-m4 -mfpu=fpv4-sp-d16 -mfloat-abi=softfp -ffunction-sections -fdata-sections -o main.o ../main.c 
arm-none-eabi-ld -L/home/vinod/stellaris/driverlib/gcc-cm4f --static --gc-sections -T../LM4F.ld -o timer.elf main.o LM4F_startup.o -ldriver-cm4f 
arm-none-eabi-objcopy -O binary timer.elf timer.bin 
Info: Nothing to build for timer
03:01:49 **** Incremental Build of configuration Release for project timer ****
Info: Internal Builder is used for build
arm-none-eabi-gcc -DPART_LM4F120H5QR -DARM_MATH_CM4 -DTARGET_IS_BLIZZARD_RA1 -I/home/vinod/stellaris -Os -g3 -Wall -c -fmessage-length=0 -mthumb -mcpu=cortex-m4 -mfpu=fpv4-sp-d16 -mfloat-abi=softfp -ffunction-sections -fdata-sections -o main.o ../main.c 
arm-none-eabi-ld -L/home/vinod/stellaris/driverlib/gcc-cm4f --static --gc-sections -T../LM4F.ld -o timer.elf main.o LM4F_startup.o -ldriver-cm4f 
arm-none-eabi-objcopy -O binary timer.elf timer.bin 
Info: Nothing to build for timer
03:01:57 **** Incremental Build of configuration Release for project timer ****
Info: Internal Builder is used for build
arm-none-eabi-gcc -DPART_LM4F120H5QR -DARM_MATH_CM4 -DTARGET_IS_BLIZZARD_RA1 -I/home/vinod/stellaris -Os -g3 -Wall -c -fmessage-length=0 -mthumb -mcpu=cortex-m4 -mfpu=fpv4-sp-d16 -mfloat-abi=softfp -ffunction-sections -fdata-sections -o main.o ../main.c 
arm-none-eabi-ld -L/home/vinod/stellaris/driverlib/gcc-cm4f --static --gc-sections -T../LM4F.ld -o timer.elf main.o LM4F_startup.o -ldriver-cm4f 
arm-none-eabi-objcopy -O binary timer.elf timer.bin 
03:02:02 **** Incremental Build of configuration Release for project timer ****
Info: Internal Builder is used for build
arm-none-eabi-gcc -DPART_LM4F120H5QR -DARM_MATH_CM4 -DTARGET_IS_BLIZZARD_RA1 -I/home/vinod/stellaris -Os -g3 -Wall -c -fmessage-length=0 -mthumb -mcpu=cortex-m4 -mfpu=fpv4-sp-d16 -mfloat-abi=softfp -ffunction-sections -fdata-sections -o main.o ../main.c 
arm-none-eabi-ld -L/home/vinod/stellaris/driverlib/gcc-cm4f --static --gc-sections -T../LM4F.ld -o timer.elf main.o LM4F_startup.o -ldriver-cm4f 
arm-none-eabi-objcopy -O binary timer.elf timer.bin 
03:02:07 **** Incremental Build of configuration Release for project timer ****
Info: Internal Builder is used for build
arm-none-eabi-gcc -DPART_LM4F120H5QR -DARM_MATH_CM4 -DTARGET_IS_BLIZZARD_RA1 -I/home/vinod/stellaris -Os -g3 -Wall -c -fmessage-length=0 -mthumb -mcpu=cortex-m4 -mfpu=fpv4-sp-d16 -mfloat-abi=softfp -ffunction-sections -fdata-sections -o main.o ../main.c 
arm-none-eabi-ld -L/home/vinod/stellaris/driverlib/gcc-cm4f --static --gc-sections -T../LM4F.ld -o timer.elf main.o LM4F_startup.o -ldriver-cm4f 
arm-none-eabi-objcopy -O binary timer.elf timer.bin 
03:02:14 **** Incremental Build of configuration Release for project timer ****
Info: Internal Builder is used for build
arm-none-eabi-gcc -DPART_LM4F120H5QR -DARM_MATH_CM4 -DTARGET_IS_BLIZZARD_RA1 -I/home/vinod/stellaris -Os -g3 -Wall -c -fmessage-length=0 -mthumb -mcpu=cortex-m4 -mfpu=fpv4-sp-d16 -mfloat-abi=softfp -ffunction-sections -fdata-sections -o main.o ../main.c 
arm-none-eabi-ld -L/home/vinod/stellaris/driverlib/gcc-cm4f --static --gc-sections -T../LM4F.ld -o timer.elf main.o LM4F_startup.o -ldriver-cm4f 
arm-none-eabi-objcopy -O binary timer.elf timer.bin 
03:02:19 **** Incremental Build of configuration Release for project timer ****
Info: Internal Builder is used for build
arm-none-eabi-gcc -DPART_LM4F120H5QR -DARM_MATH_CM4 -DTARGET_IS_BLIZZARD_RA1 -I/home/vinod/stellaris -Os -g3 -Wall -c -fmessage-length=0 -mthumb -mcpu=cortex-m4 -mfpu=fpv4-sp-d16 -mfloat-abi=softfp -ffunction-sections -fdata-sections -o main.o ../main.c 
arm-none-eabi-ld -L/home/vinod/stellaris/driverlib/gcc-cm4f --static --gc-sections -T../LM4F.ld -o timer.elf main.o LM4F_startup.o -ldriver-cm4f 
arm-none-eabi-objcopy -O binary timer.elf timer.bin 
03:02:24 **** Incremental Build of configuration Release for project timer ****
Info: Internal Builder is used for build
arm-none-eabi-gcc -DPART_LM4F120H5QR -DARM_MATH_CM4 -DTARGET_IS_BLIZZARD_RA1 -I/home/vinod/stellaris -Os -g3 -Wall -c -fmessage-length=0 -mthumb -mcpu=cortex-m4 -mfpu=fpv4-sp-d16 -mfloat-abi=softfp -ffunction-sections -fdata-sections -o main.o ../main.c 
arm-none-eabi-ld -L/home/vinod/stellaris/driverlib/gcc-cm4f --static --gc-sections -T../LM4F.ld -o timer.elf main.o LM4F_startup.o -ldriver-cm4f 
arm-none-eabi-objcopy -O binary timer.elf timer.bin 
03:02:28 **** Incremental Build of configuration Release for project timer ****
Info: Internal Builder is used for build
arm-none-eabi-gcc -DPART_LM4F120H5QR -DARM_MATH_CM4 -DTARGET_IS_BLIZZARD_RA1 -I/home/vinod/stellaris -Os -g3 -Wall -c -fmessage-length=0 -mthumb -mcpu=cortex-m4 -mfpu=fpv4-sp-d16 -mfloat-abi=softfp -ffunction-sections -fdata-sections -o main.o ../main.c 
arm-none-eabi-ld -L/home/vinod/stellaris/driverlib/gcc-cm4f --static --gc-sections -T../LM4F.ld -o timer.elf main.o LM4F_startup.o -ldriver-cm4f 
arm-none-eabi-objcopy -O binary timer.elf timer.bin 
03:02:48 **** Incremental Build of configuration Release for project timer ****
Info: Internal Builder is used for build
arm-none-eabi-gcc -DPART_LM4F120H5QR -DARM_MATH_CM4 -DTARGET_IS_BLIZZARD_RA1 -I/home/vinod/stellaris -Os -g3 -Wall -c -fmessage-length=0 -mthumb -mcpu=cortex-m4 -mfpu=fpv4-sp-d16 -mfloat-abi=softfp -ffunction-sections -fdata-sections -o main.o ../main.c 
arm-none-eabi-ld -L/home/vinod/stellaris/driverlib/gcc-cm4f --static --gc-sections -T../LM4F.ld -o timer.elf main.o LM4F_startup.o -ldriver-cm4f 
arm-none-eabi-objcopy -O binary timer.elf timer.bin 
03:04:07 **** Incremental Build of configuration Release for project timer ****
Info: Internal Builder is used for build
arm-none-eabi-gcc -DPART_LM4F120H5QR -DARM_MATH_CM4 -DTARGET_IS_BLIZZARD_RA1 -I/home/vinod/stellaris -Os -g3 -Wall -c -fmessage-length=0 -mthumb -mcpu=cortex-m4 -mfpu=fpv4-sp-d16 -mfloat-abi=softfp -ffunction-sections -fdata-sections -o main.o ../main.c 
arm-none-eabi-ld -L/home/vinod/stellaris/driverlib/gcc-cm4f --static --gc-sections -T../LM4F.ld -o timer.elf main.o LM4F_startup.o -ldriver-cm4f 
arm-none-eabi-objcopy -O binary timer.elf timer.bin 
03:04:14 **** Incremental Build of configuration Release for project timer ****
Info: Internal Builder is used for build
arm-none-eabi-gcc -DPART_LM4F120H5QR -DARM_MATH_CM4 -DTARGET_IS_BLIZZARD_RA1 -I/home/vinod/stellaris -Os -g3 -Wall -c -fmessage-length=0 -mthumb -mcpu=cortex-m4 -mfpu=fpv4-sp-d16 -mfloat-abi=softfp -ffunction-sections -fdata-sections -o main.o ../main.c 
arm-none-eabi-ld -L/home/vinod/stellaris/driverlib/gcc-cm4f --static --gc-sections -T../LM4F.ld -o timer.elf main.o LM4F_startup.o -ldriver-cm4f 
arm-none-eabi-objcopy -O binary timer.elf timer.bin 
03:04:18 **** Incremental Build of configuration Release for project timer ****
Info: Internal Builder is used for build
arm-none-eabi-gcc -DPART_LM4F120H5QR -DARM_MATH_CM4 -DTARGET_IS_BLIZZARD_RA1 -I/home/vinod/stellaris -Os -g3 -Wall -c -fmessage-length=0 -mthumb -mcpu=cortex-m4 -mfpu=fpv4-sp-d16 -mfloat-abi=softfp -ffunction-sections -fdata-sections -o main.o ../main.c 
arm-none-eabi-ld -L/home/vinod/stellaris/driverlib/gcc-cm4f --static --gc-sections -T../LM4F.ld -o timer.elf main.o LM4F_startup.o -ldriver-cm4f 
arm-none-eabi-objcopy -O binary timer.elf timer.bin 
Info: Nothing to build for timer
Info: Nothing to build for timer
03:04:54 **** Clean-only build of configuration Release for project timer ****
rm -rf timer.elf main.o LM4F_startup.d LM4F_startup.o main.d 
03:05:03 **** Rebuild of configuration Release for project timer ****
Info: Internal Builder is used for build
arm-none-eabi-gcc -DPART_LM4F120H5QR -DARM_MATH_CM4 -DTARGET_IS_BLIZZARD_RA1 -I/home/vinod/stellaris -Os -g3 -Wall -c -fmessage-length=0 -mthumb -mcpu=cortex-m4 -mfpu=fpv4-sp-d16 -mfloat-abi=softfp -ffunction-sections -fdata-sections -o main.o ../main.c 
arm-none-eabi-gcc -DPART_LM4F120H5QR -DARM_MATH_CM4 -DTARGET_IS_BLIZZARD_RA1 -I/home/vinod/stellaris -Os -g3 -Wall -c -fmessage-length=0 -mthumb -mcpu=cortex-m4 -mfpu=fpv4-sp-d16 -mfloat-abi=softfp -ffunction-sections -fdata-sections -o LM4F_startup.o ../LM4F_startup.c 
arm-none-eabi-ld -L/home/vinod/stellaris/driverlib/gcc-cm4f --static --gc-sections -T../LM4F.ld -o timer.elf main.o LM4F_startup.o -ldriver-cm4f 
arm-none-eabi-objcopy -O binary timer.elf timer.bin 
Info: Nothing to build for timer
Info: Nothing to build for timer
Info: Nothing to build for timer
03:06:44 **** Clean-only build of configuration Release for project timer ****
rm -rf timer.elf main.o LM4F_startup.d LM4F_startup.o main.d 
03:06:46 **** Rebuild of configuration Release for project timer ****
Info: Internal Builder is used for build
arm-none-eabi-gcc -DPART_LM4F120H5QR -DARM_MATH_CM4 -DTARGET_IS_BLIZZARD_RA1 -I/home/vinod/stellaris -Os -g3 -Wall -c -fmessage-length=0 -mthumb -mcpu=cortex-m4 -mfpu=fpv4-sp-d16 -mfloat-abi=softfp -ffunction-sections -fdata-sections -o main.o ../main.c 
arm-none-eabi-gcc -DPART_LM4F120H5QR -DARM_MATH_CM4 -DTARGET_IS_BLIZZARD_RA1 -I/home/vinod/stellaris -Os -g3 -Wall -c -fmessage-length=0 -mthumb -mcpu=cortex-m4 -mfpu=fpv4-sp-d16 -mfloat-abi=softfp -ffunction-sections -fdata-sections -o LM4F_startup.o ../LM4F_startup.c 
arm-none-eabi-ld -L/home/vinod/stellaris/driverlib/gcc-cm4f --static --gc-sections -T../LM4F.ld -o timer.elf main.o LM4F_startup.o -ldriver-cm4f 
arm-none-eabi-objcopy -O binary timer.elf timer.bin 
03:09:05 **** Incremental Build of configuration Release for project timer ****
Info: Internal Builder is used for build
arm-none-eabi-ld -L/home/vinod/stellaris/driverlib/gcc-cm4f --static --gc-sections -T../LM4F.ld -o timer.elf main.o LM4F_startup.o -ldriver-cm4f 
arm-none-eabi-objcopy -O binary timer.elf timer.bin 
03:09:14 **** Clean-only build of configuration Release for project timer ****
rm -rf timer.elf main.o LM4F_startup.d LM4F_startup.o main.d 
03:11:40 **** Rebuild of configuration Release for project timer ****
Info: Internal Builder is used for build
arm-none-eabi-gcc -DPART_LM4F120H5QR -DARM_MATH_CM4 -DTARGET_IS_BLIZZARD_RA1 -I/home/vinod/stellaris -Os -g3 -Wall -c -fmessage-length=0 -mthumb -mcpu=cortex-m4 -mfpu=fpv4-sp-d16 -mfloat-abi=softfp -ffunction-sections -fdata-sections -o main.o ../main.c 
arm-none-eabi-gcc -DPART_LM4F120H5QR -DARM_MATH_CM4 -DTARGET_IS_BLIZZARD_RA1 -I/home/vinod/stellaris -Os -g3 -Wall -c -fmessage-length=0 -mthumb -mcpu=cortex-m4 -mfpu=fpv4-sp-d16 -mfloat-abi=softfp -ffunction-sections -fdata-sections -o LM4F_startup.o ../LM4F_startup.c 
arm-none-eabi-ld -L/home/vinod/stellaris/driverlib/gcc-cm4f --static --gc-sections -T../LM4F.ld -o timer.elf main.o LM4F_startup.o -ldriver-cm4f 
arm-none-eabi-objcopy -O binary timer.elf timer.bin 
03:11:46 **** Clean-only build of configuration Release for project timer ****
rm -rf main.o LM4F_startup.d LM4F_startup.o timer.elf main.d 
03:12:03 **** Rebuild of configuration Release for project timer ****
Info: Internal Builder is used for build
arm-none-eabi-gcc -DPART_LM4F120H5QR -DARM_MATH_CM4 -DTARGET_IS_BLIZZARD_RA1 -I/home/vinod/stellaris -Os -g3 -Wall -c -fmessage-length=0 -mthumb -mcpu=cortex-m4 -mfpu=fpv4-sp-d16 -mfloat-abi=softfp -ffunction-sections -fdata-sections -o LM4F_startup.o ../LM4F_startup.c 
arm-none-eabi-gcc -DPART_LM4F120H5QR -DARM_MATH_CM4 -DTARGET_IS_BLIZZARD_RA1 -I/home/vinod/stellaris -Os -g3 -Wall -c -fmessage-length=0 -mthumb -mcpu=cortex-m4 -mfpu=fpv4-sp-d16 -mfloat-abi=softfp -ffunction-sections -fdata-sections -o main.o ../main.c 
arm-none-eabi-ld -L/home/vinod/stellaris/driverlib/gcc-cm4f --static --gc-sections -T../LM4F.ld -o timer.elf main.o LM4F_startup.o -ldriver-cm4f 
arm-none-eabi-objcopy -O binary timer.elf timer.bin 
Info: Nothing to build for timer
03:12:49 **** Incremental Build of configuration Release for project timer ****
Info: Internal Builder is used for build
arm-none-eabi-gcc -DPART_LM4F120H5QR -DARM_MATH_CM4 -DTARGET_IS_BLIZZARD_RA1 -I/home/vinod/stellaris -Os -g3 -Wall -c -fmessage-length=0 -mthumb -mcpu=cortex-m4 -mfpu=fpv4-sp-d16 -mfloat-abi=softfp -ffunction-sections -fdata-sections -o main.o ../main.c 
arm-none-eabi-ld -L/home/vinod/stellaris/driverlib/gcc-cm4f --static --gc-sections -T../LM4F.ld -o timer.elf main.o LM4F_startup.o -ldriver-cm4f 
arm-none-eabi-objcopy -O binary timer.elf timer.bin 
Info: Nothing to build for timer
03:13:14 **** Incremental Build of configuration Release for project timer ****
Info: Internal Builder is used for build
arm-none-eabi-gcc -DPART_LM4F120H5QR -DARM_MATH_CM4 -DTARGET_IS_BLIZZARD_RA1 -I/home/vinod/stellaris -Os -g3 -Wall -c -fmessage-length=0 -mthumb -mcpu=cortex-m4 -mfpu=fpv4-sp-d16 -mfloat-abi=softfp -ffunction-sections -fdata-sections -o main.o ../main.c 
arm-none-eabi-ld -L/home/vinod/stellaris/driverlib/gcc-cm4f --static --gc-sections -T../LM4F.ld -o timer.elf main.o LM4F_startup.o -ldriver-cm4f 
arm-none-eabi-objcopy -O binary timer.elf timer.bin 
03:13:18 **** Incremental Build of configuration Release for project timer ****
Info: Internal Builder is used for build
arm-none-eabi-gcc -DPART_LM4F120H5QR -DARM_MATH_CM4 -DTARGET_IS_BLIZZARD_RA1 -I/home/vinod/stellaris -Os -g3 -Wall -c -fmessage-length=0 -mthumb -mcpu=cortex-m4 -mfpu=fpv4-sp-d16 -mfloat-abi=softfp -ffunction-sections -fdata-sections -o main.o ../main.c 
arm-none-eabi-ld -L/home/vinod/stellaris/driverlib/gcc-cm4f --static --gc-sections -T../LM4F.ld -o timer.elf main.o LM4F_startup.o -ldriver-cm4f 
arm-none-eabi-objcopy -O binary timer.elf timer.bin 
03:13:55 **** Incremental Build of configuration Release for project timer ****
Info: Internal Builder is used for build
arm-none-eabi-gcc -DPART_LM4F120H5QR -DARM_MATH_CM4 -DTARGET_IS_BLIZZARD_RA1 -I/home/vinod/stellaris -Os -g3 -Wall -c -fmessage-length=0 -mthumb -mcpu=cortex-m4 -mfpu=fpv4-sp-d16 -mfloat-abi=softfp -ffunction-sections -fdata-sections -o main.o ../main.c 
arm-none-eabi-ld -L/home/vinod/stellaris/driverlib/gcc-cm4f --static --gc-sections -T../LM4F.ld -o timer.elf main.o LM4F_startup.o -ldriver-cm4f 
arm-none-eabi-objcopy -O binary timer.elf timer.bin 
03:14:00 **** Incremental Build of configuration Release for project timer ****
Info: Internal Builder is used for build
arm-none-eabi-gcc -DPART_LM4F120H5QR -DARM_MATH_CM4 -DTARGET_IS_BLIZZARD_RA1 -I/home/vinod/stellaris -Os -g3 -Wall -c -fmessage-length=0 -mthumb -mcpu=cortex-m4 -mfpu=fpv4-sp-d16 -mfloat-abi=softfp -ffunction-sections -fdata-sections -o main.o ../main.c 
arm-none-eabi-ld -L/home/vinod/stellaris/driverlib/gcc-cm4f --static --gc-sections -T../LM4F.ld -o timer.elf main.o LM4F_startup.o -ldriver-cm4f 
arm-none-eabi-objcopy -O binary timer.elf timer.bin 
03:14:17 **** Incremental Build of configuration Release for project timer ****
Info: Internal Builder is used for build
arm-none-eabi-gcc -DPART_LM4F120H5QR -DARM_MATH_CM4 -DTARGET_IS_BLIZZARD_RA1 -I/home/vinod/stellaris -Os -g3 -Wall -c -fmessage-length=0 -mthumb -mcpu=cortex-m4 -mfpu=fpv4-sp-d16 -mfloat-abi=softfp -ffunction-sections -fdata-sections -o main.o ../main.c 
arm-none-eabi-ld -L/home/vinod/stellaris/driverlib/gcc-cm4f --static --gc-sections -T../LM4F.ld -o timer.elf main.o LM4F_startup.o -ldriver-cm4f 
arm-none-eabi-objcopy -O binary timer.elf timer.bin 
03:15:22 **** Incremental Build of configuration Release for project timer ****
Info: Internal Builder is used for build
arm-none-eabi-gcc -DPART_LM4F120H5QR -DARM_MATH_CM4 -DTARGET_IS_BLIZZARD_RA1 -I/home/vinod/stellaris -Os -g3 -Wall -c -fmessage-length=0 -mthumb -mcpu=cortex-m4 -mfpu=fpv4-sp-d16 -mfloat-abi=softfp -ffunction-sections -fdata-sections -o main.o ../main.c 
arm-none-eabi-ld -L/home/vinod/stellaris/driverlib/gcc-cm4f --static --gc-sections -T../LM4F.ld -o timer.elf main.o LM4F_startup.o -ldriver-cm4f 
arm-none-eabi-objcopy -O binary timer.elf timer.bin 
Info: Nothing to build for timer
03:15:43 **** Incremental Build of configuration Release for project timer ****
Info: Internal Builder is used for build
arm-none-eabi-gcc -DPART_LM4F120H5QR -DARM_MATH_CM4 -DTARGET_IS_BLIZZARD_RA1 -I/home/vinod/stellaris -Os -g3 -Wall -c -fmessage-length=0 -mthumb -mcpu=cortex-m4 -mfpu=fpv4-sp-d16 -mfloat-abi=softfp -ffunction-sections -fdata-sections -o main.o ../main.c 
arm-none-eabi-ld -L/home/vinod/stellaris/driverlib/gcc-cm4f --static --gc-sections -T../LM4F.ld -o timer.elf main.o LM4F_startup.o -ldriver-cm4f 
arm-none-eabi-objcopy -O binary timer.elf timer.bin 
03:16:05 **** Incremental Build of configuration Release for project timer ****
Info: Internal Builder is used for build
arm-none-eabi-gcc -DPART_LM4F120H5QR -DARM_MATH_CM4 -DTARGET_IS_BLIZZARD_RA1 -I/home/vinod/stellaris -Os -g3 -Wall -c -fmessage-length=0 -mthumb -mcpu=cortex-m4 -mfpu=fpv4-sp-d16 -mfloat-abi=softfp -ffunction-sections -fdata-sections -o main.o ../main.c 
arm-none-eabi-ld -L/home/vinod/stellaris/driverlib/gcc-cm4f --static --gc-sections -T../LM4F.ld -o timer.elf main.o LM4F_startup.o -ldriver-cm4f 
arm-none-eabi-objcopy -O binary timer.elf timer.bin 
03:16:17 **** Incremental Build of configuration Release for project timer ****
Info: Internal Builder is used for build
arm-none-eabi-gcc -DPART_LM4F120H5QR -DARM_MATH_CM4 -DTARGET_IS_BLIZZARD_RA1 -I/home/vinod/stellaris -Os -g3 -Wall -c -fmessage-length=0 -mthumb -mcpu=cortex-m4 -mfpu=fpv4-sp-d16 -mfloat-abi=softfp -ffunction-sections -fdata-sections -o main.o ../main.c 
arm-none-eabi-ld -L/home/vinod/stellaris/driverlib/gcc-cm4f --static --gc-sections -T../LM4F.ld -o timer.elf main.o LM4F_startup.o -ldriver-cm4f 
arm-none-eabi-objcopy -O binary timer.elf timer.bin 
03:16:24 **** Incremental Build of configuration Release for project timer ****
Info: Internal Builder is used for build
arm-none-eabi-gcc -DPART_LM4F120H5QR -DARM_MATH_CM4 -DTARGET_IS_BLIZZARD_RA1 -I/home/vinod/stellaris -Os -g3 -Wall -c -fmessage-length=0 -mthumb -mcpu=cortex-m4 -mfpu=fpv4-sp-d16 -mfloat-abi=softfp -ffunction-sections -fdata-sections -o main.o ../main.c 
arm-none-eabi-ld -L/home/vinod/stellaris/driverlib/gcc-cm4f --static --gc-sections -T../LM4F.ld -o timer.elf main.o LM4F_startup.o -ldriver-cm4f 
arm-none-eabi-objcopy -O binary timer.elf timer.bin 
03:16:34 **** Incremental Build of configuration Release for project timer ****
Info: Internal Builder is used for build
arm-none-eabi-gcc -DPART_LM4F120H5QR -DARM_MATH_CM4 -DTARGET_IS_BLIZZARD_RA1 -I/home/vinod/stellaris -Os -g3 -Wall -c -fmessage-length=0 -mthumb -mcpu=cortex-m4 -mfpu=fpv4-sp-d16 -mfloat-abi=softfp -ffunction-sections -fdata-sections -o main.o ../main.c 
arm-none-eabi-ld -L/home/vinod/stellaris/driverlib/gcc-cm4f --static --gc-sections -T../LM4F.ld -o timer.elf main.o LM4F_startup.o -ldriver-cm4f 
arm-none-eabi-objcopy -O binary timer.elf timer.bin 
03:16:43 **** Incremental Build of configuration Release for project timer ****
Info: Internal Builder is used for build
arm-none-eabi-gcc -DPART_LM4F120H5QR -DARM_MATH_CM4 -DTARGET_IS_BLIZZARD_RA1 -I/home/vinod/stellaris -Os -g3 -Wall -c -fmessage-length=0 -mthumb -mcpu=cortex-m4 -mfpu=fpv4-sp-d16 -mfloat-abi=softfp -ffunction-sections -fdata-sections -o main.o ../main.c 
arm-none-eabi-ld -L/home/vinod/stellaris/driverlib/gcc-cm4f --static --gc-sections -T../LM4F.ld -o timer.elf main.o LM4F_startup.o -ldriver-cm4f 
arm-none-eabi-objcopy -O binary timer.elf timer.bin 
03:16:55 **** Incremental Build of configuration Release for project timer ****
Info: Internal Builder is used for build
arm-none-eabi-gcc -DPART_LM4F120H5QR -DARM_MATH_CM4 -DTARGET_IS_BLIZZARD_RA1 -I/home/vinod/stellaris -Os -g3 -Wall -c -fmessage-length=0 -mthumb -mcpu=cortex-m4 -mfpu=fpv4-sp-d16 -mfloat-abi=softfp -ffunction-sections -fdata-sections -o main.o ../main.c 
arm-none-eabi-ld -L/home/vinod/stellaris/driverlib/gcc-cm4f --static --gc-sections -T../LM4F.ld -o timer.elf main.o LM4F_startup.o -ldriver-cm4f 
arm-none-eabi-objcopy -O binary timer.elf timer.bin 
03:17:04 **** Incremental Build of configuration Release for project timer ****
Info: Internal Builder is used for build
arm-none-eabi-gcc -DPART_LM4F120H5QR -DARM_MATH_CM4 -DTARGET_IS_BLIZZARD_RA1 -I/home/vinod/stellaris -Os -g3 -Wall -c -fmessage-length=0 -mthumb -mcpu=cortex-m4 -mfpu=fpv4-sp-d16 -mfloat-abi=softfp -ffunction-sections -fdata-sections -o main.o ../main.c 
arm-none-eabi-ld -L/home/vinod/stellaris/driverlib/gcc-cm4f --static --gc-sections -T../LM4F.ld -o timer.elf main.o LM4F_startup.o -ldriver-cm4f 
arm-none-eabi-objcopy -O binary timer.elf timer.bin 
03:17:33 **** Incremental Build of configuration Release for project timer ****
Info: Internal Builder is used for build
arm-none-eabi-gcc -DPART_LM4F120H5QR -DARM_MATH_CM4 -DTARGET_IS_BLIZZARD_RA1 -I/home/vinod/stellaris -Os -g3 -Wall -c -fmessage-length=0 -mthumb -mcpu=cortex-m4 -mfpu=fpv4-sp-d16 -mfloat-abi=softfp -ffunction-sections -fdata-sections -o main.o ../main.c 
arm-none-eabi-ld -L/home/vinod/stellaris/driverlib/gcc-cm4f --static --gc-sections -T../LM4F.ld -o timer.elf main.o LM4F_startup.o -ldriver-cm4f 
arm-none-eabi-objcopy -O binary timer.elf timer.bin 
03:17:42 **** Incremental Build of configuration Release for project timer ****
Info: Internal Builder is used for build
arm-none-eabi-gcc -DPART_LM4F120H5QR -DARM_MATH_CM4 -DTARGET_IS_BLIZZARD_RA1 -I/home/vinod/stellaris -Os -g3 -Wall -c -fmessage-length=0 -mthumb -mcpu=cortex-m4 -mfpu=fpv4-sp-d16 -mfloat-abi=softfp -ffunction-sections -fdata-sections -o main.o ../main.c 
arm-none-eabi-ld -L/home/vinod/stellaris/driverlib/gcc-cm4f --static --gc-sections -T../LM4F.ld -o timer.elf main.o LM4F_startup.o -ldriver-cm4f 
arm-none-eabi-objcopy -O binary timer.elf timer.bin 
03:17:51 **** Incremental Build of configuration Release for project timer ****
Info: Internal Builder is used for build
arm-none-eabi-gcc -DPART_LM4F120H5QR -DARM_MATH_CM4 -DTARGET_IS_BLIZZARD_RA1 -I/home/vinod/stellaris -Os -g3 -Wall -c -fmessage-length=0 -mthumb -mcpu=cortex-m4 -mfpu=fpv4-sp-d16 -mfloat-abi=softfp -ffunction-sections -fdata-sections -o main.o ../main.c 
arm-none-eabi-ld -L/home/vinod/stellaris/driverlib/gcc-cm4f --static --gc-sections -T../LM4F.ld -o timer.elf main.o LM4F_startup.o -ldriver-cm4f 
arm-none-eabi-objcopy -O binary timer.elf timer.bin 
03:17:57 **** Incremental Build of configuration Release for project timer ****
Info: Internal Builder is used for build
arm-none-eabi-gcc -DPART_LM4F120H5QR -DARM_MATH_CM4 -DTARGET_IS_BLIZZARD_RA1 -I/home/vinod/stellaris -Os -g3 -Wall -c -fmessage-length=0 -mthumb -mcpu=cortex-m4 -mfpu=fpv4-sp-d16 -mfloat-abi=softfp -ffunction-sections -fdata-sections -o main.o ../main.c 
arm-none-eabi-ld -L/home/vinod/stellaris/driverlib/gcc-cm4f --static --gc-sections -T../LM4F.ld -o timer.elf main.o LM4F_startup.o -ldriver-cm4f 
arm-none-eabi-objcopy -O binary timer.elf timer.bin 
03:19:01 **** Incremental Build of configuration Release for project timer ****
Info: Internal Builder is used for build
arm-none-eabi-gcc -DPART_LM4F120H5QR -DARM_MATH_CM4 -DTARGET_IS_BLIZZARD_RA1 -I/home/vinod/stellaris -Os -g3 -Wall -c -fmessage-length=0 -mthumb -mcpu=cortex-m4 -mfpu=fpv4-sp-d16 -mfloat-abi=softfp -ffunction-sections -fdata-sections -o main.o ../main.c 
arm-none-eabi-ld -L/home/vinod/stellaris/driverlib/gcc-cm4f --static --gc-sections -T../LM4F.ld -o timer.elf main.o LM4F_startup.o -ldriver-cm4f 
arm-none-eabi-objcopy -O binary timer.elf timer.bin 
Info: Nothing to build for timer
Info: Nothing to build for timer
03:19:35 **** Incremental Build of configuration Release for project timer ****
Info: Internal Builder is used for build
arm-none-eabi-gcc -DPART_LM4F120H5QR -DARM_MATH_CM4 -DTARGET_IS_BLIZZARD_RA1 -I/home/vinod/stellaris -Os -g3 -Wall -c -fmessage-length=0 -mthumb -mcpu=cortex-m4 -mfpu=fpv4-sp-d16 -mfloat-abi=softfp -ffunction-sections -fdata-sections -o main.o ../main.c 
arm-none-eabi-ld -L/home/vinod/stellaris/driverlib/gcc-cm4f --static --gc-sections -T../LM4F.ld -o timer.elf main.o LM4F_startup.o -ldriver-cm4f 
arm-none-eabi-objcopy -O binary timer.elf timer.bin 
03:19:54 **** Incremental Build of configuration Release for project timer ****
Info: Internal Builder is used for build
arm-none-eabi-gcc -DPART_LM4F120H5QR -DARM_MATH_CM4 -DTARGET_IS_BLIZZARD_RA1 -I/home/vinod/stellaris -Os -g3 -Wall -c -fmessage-length=0 -mthumb -mcpu=cortex-m4 -mfpu=fpv4-sp-d16 -mfloat-abi=softfp -ffunction-sections -fdata-sections -o main.o ../main.c 
arm-none-eabi-ld -L/home/vinod/stellaris/driverlib/gcc-cm4f --static --gc-sections -T../LM4F.ld -o timer.elf main.o LM4F_startup.o -ldriver-cm4f 
arm-none-eabi-objcopy -O binary timer.elf timer.bin 
03:20:08 **** Incremental Build of configuration Release for project timer ****
Info: Internal Builder is used for build
arm-none-eabi-gcc -DPART_LM4F120H5QR -DARM_MATH_CM4 -DTARGET_IS_BLIZZARD_RA1 -I/home/vinod/stellaris -Os -g3 -Wall -c -fmessage-length=0 -mthumb -mcpu=cortex-m4 -mfpu=fpv4-sp-d16 -mfloat-abi=softfp -ffunction-sections -fdata-sections -o main.o ../main.c 
arm-none-eabi-ld -L/home/vinod/stellaris/driverlib/gcc-cm4f --static --gc-sections -T../LM4F.ld -o timer.elf main.o LM4F_startup.o -ldriver-cm4f 
arm-none-eabi-objcopy -O binary timer.elf timer.bin 
03:20:15 **** Incremental Build of configuration Release for project timer ****
Info: Internal Builder is used for build
arm-none-eabi-gcc -DPART_LM4F120H5QR -DARM_MATH_CM4 -DTARGET_IS_BLIZZARD_RA1 -I/home/vinod/stellaris -Os -g3 -Wall -c -fmessage-length=0 -mthumb -mcpu=cortex-m4 -mfpu=fpv4-sp-d16 -mfloat-abi=softfp -ffunction-sections -fdata-sections -o main.o ../main.c 
arm-none-eabi-ld -L/home/vinod/stellaris/driverlib/gcc-cm4f --static --gc-sections -T../LM4F.ld -o timer.elf main.o LM4F_startup.o -ldriver-cm4f 
arm-none-eabi-objcopy -O binary timer.elf timer.bin 
03:20:21 **** Incremental Build of configuration Release for project timer ****
Info: Internal Builder is used for build
arm-none-eabi-gcc -DPART_LM4F120H5QR -DARM_MATH_CM4 -DTARGET_IS_BLIZZARD_RA1 -I/home/vinod/stellaris -Os -g3 -Wall -c -fmessage-length=0 -mthumb -mcpu=cortex-m4 -mfpu=fpv4-sp-d16 -mfloat-abi=softfp -ffunction-sections -fdata-sections -o main.o ../main.c 
arm-none-eabi-ld -L/home/vinod/stellaris/driverlib/gcc-cm4f --static --gc-sections -T../LM4F.ld -o timer.elf main.o LM4F_startup.o -ldriver-cm4f 
arm-none-eabi-objcopy -O binary timer.elf timer.bin 
03:20:42 **** Incremental Build of configuration Release for project timer ****
Info: Internal Builder is used for build
arm-none-eabi-gcc -DPART_LM4F120H5QR -DARM_MATH_CM4 -DTARGET_IS_BLIZZARD_RA1 -I/home/vinod/stellaris -Os -g3 -Wall -c -fmessage-length=0 -mthumb -mcpu=cortex-m4 -mfpu=fpv4-sp-d16 -mfloat-abi=softfp -ffunction-sections -fdata-sections -o main.o ../main.c 
../main.c: In function 'main':
../main.c:17:66: error: 'SYSCTL_XTAL_100MHZ' undeclared (first use in this function)
../main.c:17:66: note: each undeclared identifier is reported only once for each function it appears in
03:20:52 **** Incremental Build of configuration Release for project timer ****
Info: Internal Builder is used for build
arm-none-eabi-gcc -DPART_LM4F120H5QR -DARM_MATH_CM4 -DTARGET_IS_BLIZZARD_RA1 -I/home/vinod/stellaris -Os -g3 -Wall -c -fmessage-length=0 -mthumb -mcpu=cortex-m4 -mfpu=fpv4-sp-d16 -mfloat-abi=softfp -ffunction-sections -fdata-sections -o main.o ../main.c 
arm-none-eabi-ld -L/home/vinod/stellaris/driverlib/gcc-cm4f --static --gc-sections -T../LM4F.ld -o timer.elf main.o LM4F_startup.o -ldriver-cm4f 
arm-none-eabi-objcopy -O binary timer.elf timer.bin 
03:25:28 **** Incremental Build of configuration Release for project timer ****
Info: Internal Builder is used for build
arm-none-eabi-gcc -DPART_LM4F120H5QR -DARM_MATH_CM4 -DTARGET_IS_BLIZZARD_RA1 -I/home/vinod/stellaris -Os -g3 -Wall -c -fmessage-length=0 -mthumb -mcpu=cortex-m4 -mfpu=fpv4-sp-d16 -mfloat-abi=softfp -ffunction-sections -fdata-sections -o main.o ../main.c 
arm-none-eabi-ld -L/home/vinod/stellaris/driverlib/gcc-cm4f --static --gc-sections -T../LM4F.ld -o timer.elf main.o LM4F_startup.o -ldriver-cm4f 
arm-none-eabi-objcopy -O binary timer.elf timer.bin 
03:25:47 **** Incremental Build of configuration Release for project timer ****
Info: Internal Builder is used for build
arm-none-eabi-gcc -DPART_LM4F120H5QR -DARM_MATH_CM4 -DTARGET_IS_BLIZZARD_RA1 -I/home/vinod/stellaris -Os -g3 -Wall -c -fmessage-length=0 -mthumb -mcpu=cortex-m4 -mfpu=fpv4-sp-d16 -mfloat-abi=softfp -ffunction-sections -fdata-sections -o main.o ../main.c 
arm-none-eabi-ld -L/home/vinod/stellaris/driverlib/gcc-cm4f --static --gc-sections -T../LM4F.ld -o timer.elf main.o LM4F_startup.o -ldriver-cm4f 
arm-none-eabi-objcopy -O binary timer.elf timer.bin 
03:26:21 **** Incremental Build of configuration Release for project timer ****
Info: Internal Builder is used for build
arm-none-eabi-gcc -DPART_LM4F120H5QR -DARM_MATH_CM4 -DTARGET_IS_BLIZZARD_RA1 -I/home/vinod/stellaris -Os -g3 -Wall -c -fmessage-length=0 -mthumb -mcpu=cortex-m4 -mfpu=fpv4-sp-d16 -mfloat-abi=softfp -ffunction-sections -fdata-sections -o main.o ../main.c 
arm-none-eabi-ld -L/home/vinod/stellaris/driverlib/gcc-cm4f --static --gc-sections -T../LM4F.ld -o timer.elf main.o LM4F_startup.o -ldriver-cm4f 
arm-none-eabi-objcopy -O binary timer.elf timer.bin 
03:26:39 **** Incremental Build of configuration Release for project timer ****
Info: Internal Builder is used for build
arm-none-eabi-gcc -DPART_LM4F120H5QR -DARM_MATH_CM4 -DTARGET_IS_BLIZZARD_RA1 -I/home/vinod/stellaris -Os -g3 -Wall -c -fmessage-length=0 -mthumb -mcpu=cortex-m4 -mfpu=fpv4-sp-d16 -mfloat-abi=softfp -ffunction-sections -fdata-sections -o main.o ../main.c 
arm-none-eabi-ld -L/home/vinod/stellaris/driverlib/gcc-cm4f --static --gc-sections -T../LM4F.ld -o timer.elf main.o LM4F_startup.o -ldriver-cm4f 
arm-none-eabi-objcopy -O binary timer.elf timer.bin 
03:29:32 **** Incremental Build of configuration Release for project timer ****
Info: Internal Builder is used for build
arm-none-eabi-gcc -DPART_LM4F120H5QR -DARM_MATH_CM4 -DTARGET_IS_BLIZZARD_RA1 -I/home/vinod/stellaris -Os -g3 -Wall -c -fmessage-length=0 -mthumb -mcpu=cortex-m4 -mfpu=fpv4-sp-d16 -mfloat-abi=softfp -ffunction-sections -fdata-sections -o main.o ../main.c 
arm-none-eabi-ld -L/home/vinod/stellaris/driverlib/gcc-cm4f --static --gc-sections -T../LM4F.ld -o timer.elf main.o LM4F_startup.o -ldriver-cm4f 
arm-none-eabi-objcopy -O binary timer.elf timer.bin 
Info: Nothing to build for timer
Info: Nothing to build for timer
Info: Nothing to build for timer
Info: Nothing to build for timer
Info: Nothing to build for timer
Info: Nothing to build for timer
Info: Nothing to build for timer
Info: Nothing to build for timer
03:30:39 **** Incremental Build of configuration Release for project timer ****
Info: Internal Builder is used for build
arm-none-eabi-gcc -DPART_LM4F120H5QR -DARM_MATH_CM4 -DTARGET_IS_BLIZZARD_RA1 -I/home/vinod/stellaris -Os -g3 -Wall -c -fmessage-length=0 -mthumb -mcpu=cortex-m4 -mfpu=fpv4-sp-d16 -mfloat-abi=softfp -ffunction-sections -fdata-sections -o main.o ../main.c 
arm-none-eabi-ld -L/home/vinod/stellaris/driverlib/gcc-cm4f --static --gc-sections -T../LM4F.ld -o timer.elf main.o LM4F_startup.o -ldriver-cm4f 
arm-none-eabi-objcopy -O binary timer.elf timer.bin 
Info: Nothing to build for timer
03:30:55 **** Incremental Build of configuration Release for project timer ****
Info: Internal Builder is used for build
arm-none-eabi-gcc -DPART_LM4F120H5QR -DARM_MATH_CM4 -DTARGET_IS_BLIZZARD_RA1 -I/home/vinod/stellaris -Os -g3 -Wall -c -fmessage-length=0 -mthumb -mcpu=cortex-m4 -mfpu=fpv4-sp-d16 -mfloat-abi=softfp -ffunction-sections -fdata-sections -o main.o ../main.c 
arm-none-eabi-ld -L/home/vinod/stellaris/driverlib/gcc-cm4f --static --gc-sections -T../LM4F.ld -o timer.elf main.o LM4F_startup.o -ldriver-cm4f 
arm-none-eabi-objcopy -O binary timer.elf timer.bin 
03:31:05 **** Incremental Build of configuration Release for project timer ****
Info: Internal Builder is used for build
arm-none-eabi-gcc -DPART_LM4F120H5QR -DARM_MATH_CM4 -DTARGET_IS_BLIZZARD_RA1 -I/home/vinod/stellaris -Os -g3 -Wall -c -fmessage-length=0 -mthumb -mcpu=cortex-m4 -mfpu=fpv4-sp-d16 -mfloat-abi=softfp -ffunction-sections -fdata-sections -o main.o ../main.c 
arm-none-eabi-ld -L/home/vinod/stellaris/driverlib/gcc-cm4f --static --gc-sections -T../LM4F.ld -o timer.elf main.o LM4F_startup.o -ldriver-cm4f 
arm-none-eabi-objcopy -O binary timer.elf timer.bin 
03:31:14 **** Incremental Build of configuration Release for project timer ****
Info: Internal Builder is used for build
arm-none-eabi-gcc -DPART_LM4F120H5QR -DARM_MATH_CM4 -DTARGET_IS_BLIZZARD_RA1 -I/home/vinod/stellaris -Os -g3 -Wall -c -fmessage-length=0 -mthumb -mcpu=cortex-m4 -mfpu=fpv4-sp-d16 -mfloat-abi=softfp -ffunction-sections -fdata-sections -o main.o ../main.c 
arm-none-eabi-ld -L/home/vinod/stellaris/driverlib/gcc-cm4f --static --gc-sections -T../LM4F.ld -o timer.elf main.o LM4F_startup.o -ldriver-cm4f 
arm-none-eabi-objcopy -O binary timer.elf timer.bin 
03:31:21 **** Incremental Build of configuration Release for project timer ****
Info: Internal Builder is used for build
arm-none-eabi-gcc -DPART_LM4F120H5QR -DARM_MATH_CM4 -DTARGET_IS_BLIZZARD_RA1 -I/home/vinod/stellaris -Os -g3 -Wall -c -fmessage-length=0 -mthumb -mcpu=cortex-m4 -mfpu=fpv4-sp-d16 -mfloat-abi=softfp -ffunction-sections -fdata-sections -o main.o ../main.c 
../main.c: In function 'main':
../main.c:17:66: error: 'SYSCTL_XTAL_9MHZ' undeclared (first use in this function)
../main.c:17:66: note: each undeclared identifier is reported only once for each function it appears in
03:31:36 **** Incremental Build of configuration Release for project timer ****
Info: Internal Builder is used for build
arm-none-eabi-gcc -DPART_LM4F120H5QR -DARM_MATH_CM4 -DTARGET_IS_BLIZZARD_RA1 -I/home/vinod/stellaris -Os -g3 -Wall -c -fmessage-length=0 -mthumb -mcpu=cortex-m4 -mfpu=fpv4-sp-d16 -mfloat-abi=softfp -ffunction-sections -fdata-sections -o main.o ../main.c 
arm-none-eabi-ld -L/home/vinod/stellaris/driverlib/gcc-cm4f --static --gc-sections -T../LM4F.ld -o timer.elf main.o LM4F_startup.o -ldriver-cm4f 
arm-none-eabi-objcopy -O binary timer.elf timer.bin 
03:31:48 **** Incremental Build of configuration Release for project timer ****
Info: Internal Builder is used for build
arm-none-eabi-gcc -DPART_LM4F120H5QR -DARM_MATH_CM4 -DTARGET_IS_BLIZZARD_RA1 -I/home/vinod/stellaris -Os -g3 -Wall -c -fmessage-length=0 -mthumb -mcpu=cortex-m4 -mfpu=fpv4-sp-d16 -mfloat-abi=softfp -ffunction-sections -fdata-sections -o main.o ../main.c 
arm-none-eabi-ld -L/home/vinod/stellaris/driverlib/gcc-cm4f --static --gc-sections -T../LM4F.ld -o timer.elf main.o LM4F_startup.o -ldriver-cm4f 
arm-none-eabi-objcopy -O binary timer.elf timer.bin 
03:32:07 **** Incremental Build of configuration Release for project timer ****
Info: Internal Builder is used for build
arm-none-eabi-gcc -DPART_LM4F120H5QR -DARM_MATH_CM4 -DTARGET_IS_BLIZZARD_RA1 -I/home/vinod/stellaris -Os -g3 -Wall -c -fmessage-length=0 -mthumb -mcpu=cortex-m4 -mfpu=fpv4-sp-d16 -mfloat-abi=softfp -ffunction-sections -fdata-sections -o main.o ../main.c 
arm-none-eabi-ld -L/home/vinod/stellaris/driverlib/gcc-cm4f --static --gc-sections -T../LM4F.ld -o timer.elf main.o LM4F_startup.o -ldriver-cm4f 
arm-none-eabi-objcopy -O binary timer.elf timer.bin 
03:32:22 **** Incremental Build of configuration Release for project timer ****
Info: Internal Builder is used for build
arm-none-eabi-gcc -DPART_LM4F120H5QR -DARM_MATH_CM4 -DTARGET_IS_BLIZZARD_RA1 -I/home/vinod/stellaris -Os -g3 -Wall -c -fmessage-length=0 -mthumb -mcpu=cortex-m4 -mfpu=fpv4-sp-d16 -mfloat-abi=softfp -ffunction-sections -fdata-sections -o main.o ../main.c 
../main.c: In function 'main':
../main.c:17:17: error: 'SYSCTL_SYSDIV_' undeclared (first use in this function)
../main.c:17:17: note: each undeclared identifier is reported only once for each function it appears in
03:32:28 **** Incremental Build of configuration Release for project timer ****
Info: Internal Builder is used for build
arm-none-eabi-gcc -DPART_LM4F120H5QR -DARM_MATH_CM4 -DTARGET_IS_BLIZZARD_RA1 -I/home/vinod/stellaris -Os -g3 -Wall -c -fmessage-length=0 -mthumb -mcpu=cortex-m4 -mfpu=fpv4-sp-d16 -mfloat-abi=softfp -ffunction-sections -fdata-sections -o main.o ../main.c 
arm-none-eabi-ld -L/home/vinod/stellaris/driverlib/gcc-cm4f --static --gc-sections -T../LM4F.ld -o timer.elf main.o LM4F_startup.o -ldriver-cm4f 
arm-none-eabi-objcopy -O binary timer.elf timer.bin 
03:32:38 **** Incremental Build of configuration Release for project timer ****
Info: Internal Builder is used for build
arm-none-eabi-gcc -DPART_LM4F120H5QR -DARM_MATH_CM4 -DTARGET_IS_BLIZZARD_RA1 -I/home/vinod/stellaris -Os -g3 -Wall -c -fmessage-length=0 -mthumb -mcpu=cortex-m4 -mfpu=fpv4-sp-d16 -mfloat-abi=softfp -ffunction-sections -fdata-sections -o main.o ../main.c 
arm-none-eabi-ld -L/home/vinod/stellaris/driverlib/gcc-cm4f --static --gc-sections -T../LM4F.ld -o timer.elf main.o LM4F_startup.o -ldriver-cm4f 
arm-none-eabi-objcopy -O binary timer.elf timer.bin 
03:32:46 **** Incremental Build of configuration Release for project timer ****
Info: Internal Builder is used for build
arm-none-eabi-gcc -DPART_LM4F120H5QR -DARM_MATH_CM4 -DTARGET_IS_BLIZZARD_RA1 -I/home/vinod/stellaris -Os -g3 -Wall -c -fmessage-length=0 -mthumb -mcpu=cortex-m4 -mfpu=fpv4-sp-d16 -mfloat-abi=softfp -ffunction-sections -fdata-sections -o main.o ../main.c 
arm-none-eabi-ld -L/home/vinod/stellaris/driverlib/gcc-cm4f --static --gc-sections -T../LM4F.ld -o timer.elf main.o LM4F_startup.o -ldriver-cm4f 
arm-none-eabi-objcopy -O binary timer.elf timer.bin 
Info: Nothing to build for timer
03:33:08 **** Incremental Build of configuration Release for project timer ****
Info: Internal Builder is used for build
arm-none-eabi-gcc -DPART_LM4F120H5QR -DARM_MATH_CM4 -DTARGET_IS_BLIZZARD_RA1 -I/home/vinod/stellaris -Os -g3 -Wall -c -fmessage-length=0 -mthumb -mcpu=cortex-m4 -mfpu=fpv4-sp-d16 -mfloat-abi=softfp -ffunction-sections -fdata-sections -o main.o ../main.c 
arm-none-eabi-ld -L/home/vinod/stellaris/driverlib/gcc-cm4f --static --gc-sections -T../LM4F.ld -o timer.elf main.o LM4F_startup.o -ldriver-cm4f 
arm-none-eabi-objcopy -O binary timer.elf timer.bin 
Info: Nothing to build for timer
Info: Nothing to build for timer
03:33:26 **** Incremental Build of configuration Release for project timer ****
Info: Internal Builder is used for build
arm-none-eabi-gcc -DPART_LM4F120H5QR -DARM_MATH_CM4 -DTARGET_IS_BLIZZARD_RA1 -I/home/vinod/stellaris -Os -g3 -Wall -c -fmessage-length=0 -mthumb -mcpu=cortex-m4 -mfpu=fpv4-sp-d16 -mfloat-abi=softfp -ffunction-sections -fdata-sections -o main.o ../main.c 
arm-none-eabi-ld -L/home/vinod/stellaris/driverlib/gcc-cm4f --static --gc-sections -T../LM4F.ld -o timer.elf main.o LM4F_startup.o -ldriver-cm4f 
arm-none-eabi-objcopy -O binary timer.elf timer.bin 
01:40:49 **** Rebuild of configuration Release for project ADC ****
Info: Internal Builder is used for build
arm-none-eabi-gcc -DPART_LM4F120H5QR -DARM_MATH_CM4 -DTARGET_IS_BLIZZARD_RA1 -I/home/vinod/stellaris -Os -g3 -Wall -c -fmessage-length=0 -mthumb -mcpu=cortex-m4 -mfpu=fpv4-sp-d16 -mfloat-abi=softfp -ffunction-sections -fdata-sections -o main.o ../main.c 
arm-none-eabi-gcc -DPART_LM4F120H5QR -DARM_MATH_CM4 -DTARGET_IS_BLIZZARD_RA1 -I/home/vinod/stellaris -Os -g3 -Wall -c -fmessage-length=0 -mthumb -mcpu=cortex-m4 -mfpu=fpv4-sp-d16 -mfloat-abi=softfp -ffunction-sections -fdata-sections -o LM4F_startup.o ../LM4F_startup.c 
arm-none-eabi-ld -L/home/vinod/stellaris/driverlib/gcc-cm4f --static --gc-sections -T../LM4F.ld -o ADC.elf main.o LM4F_startup.o -ldriver-cm4f 
arm-none-eabi-objcopy -O binary ADC.elf ADC.bin 
Info: Nothing to build for ADC
01:43:41 **** Rebuild of configuration Release for project timer ****
Info: Internal Builder is used for build
arm-none-eabi-gcc -DPART_LM4F120H5QR -DARM_MATH_CM4 -DTARGET_IS_BLIZZARD_RA1 -I/home/vinod/stellaris -Os -g3 -Wall -c -fmessage-length=0 -mthumb -mcpu=cortex-m4 -mfpu=fpv4-sp-d16 -mfloat-abi=softfp -ffunction-sections -fdata-sections -o main.o ../main.c 
arm-none-eabi-gcc -DPART_LM4F120H5QR -DARM_MATH_CM4 -DTARGET_IS_BLIZZARD_RA1 -I/home/vinod/stellaris -Os -g3 -Wall -c -fmessage-length=0 -mthumb -mcpu=cortex-m4 -mfpu=fpv4-sp-d16 -mfloat-abi=softfp -ffunction-sections -fdata-sections -o LM4F_startup.o ../LM4F_startup.c 
arm-none-eabi-ld -L/home/vinod/stellaris/driverlib/gcc-cm4f --static --gc-sections -T../LM4F.ld -o timer.elf main.o LM4F_startup.o -ldriver-cm4f 
arm-none-eabi-objcopy -O binary timer.elf timer.bin 
